c:\users\home\documents\visual studio 2010\projects\20160114\20160114\debug\cvblob.obj
c:\users\home\documents\visual studio 2010\projects\20160114\20160114\debug\stdafx.obj
c:\users\home\documents\visual studio 2010\projects\20160114\20160114\debug\vc100.pdb
c:\users\home\documents\visual studio 2010\projects\20160114\20160114\debug\opencvex17.obj
c:\users\home\documents\visual studio 2010\projects\20160114\20160114\debug\bloblabeling.obj
c:\users\home\documents\visual studio 2010\projects\20160114\20160114\debug\haardetected.obj
c:\users\home\documents\visual studio 2010\projects\20160114\debug\20160114.ilk
c:\users\home\documents\visual studio 2010\projects\20160114\debug\20160114.exe
c:\users\home\documents\visual studio 2010\projects\20160114\20160114\debug\20160114.exe.intermediate.manifest
c:\users\home\documents\visual studio 2010\projects\20160114\debug\20160114.pdb
c:\program files\ahnlab\safe transaction\log\nzbrco.log
c:\users\mcn\documents\카카오톡 받은 파일\201601~1\20160114\debug\vc120.pdb
c:\users\mcn\documents\카카오톡 받은 파일\201601~1\20160114\debug\vc120.idb
c:\users\mcn\documents\카카오톡 받은 파일\201601~1\20160114\debug\stdafx.obj
c:\users\mcn\documents\카카오톡 받은 파일\201601~1\20160114\debug\haardetected.obj
c:\users\mcn\documents\카카오톡 받은 파일\201601~1\20160114\debug\bloblabeling.obj
c:\users\mcn\documents\카카오톡 받은 파일\201601~1\20160114\debug\opencvex17.obj
c:\users\mcn\documents\카카오톡 받은 파일\201601~1\debug\20160114.ilk
c:\users\mcn\documents\카카오톡 받은 파일\201601~1\debug\20160114.exe
c:\users\mcn\documents\카카오톡 받은 파일\201601~1\debug\20160114.pdb
c:\users\mcn\documents\카카오톡 받은 파일\201601~1\20160114\debug\20160114.vcxprojresolveassemblyreference.cache
c:\users\mcn\documents\카카오톡 받은 파일\201601~1\20160114\debug\cvblob.obj
c:\users\mcn\documents\카카오톡 받은 파일\201601~1\20160114\debug\20160114.write.1.tlog
c:\users\mcn\documents\카카오톡 받은 파일\201601~1\20160114\debug\cl.command.1.tlog
c:\users\mcn\documents\카카오톡 받은 파일\201601~1\20160114\debug\cl.read.1.tlog
c:\users\mcn\documents\카카오톡 받은 파일\201601~1\20160114\debug\cl.write.1.tlog
c:\users\mcn\documents\카카오톡 받은 파일\201601~1\20160114\debug\link.command.1.tlog
c:\users\mcn\documents\카카오톡 받은 파일\201601~1\20160114\debug\link.read.1.tlog
c:\users\mcn\documents\카카오톡 받은 파일\201601~1\20160114\debug\link.write.1.tlog
c:\users\mcn\documents\카카오톡 받은 파일\201601~1\20160114\debug\mt.command.1.tlog
c:\users\mcn\documents\카카오톡 받은 파일\201601~1\20160114\debug\mt.read.1.tlog
c:\users\mcn\documents\카카오톡 받은 파일\201601~1\20160114\debug\mt.write.1.tlog
c:\users\mcn\documents\카카오톡 받은 파일\201601~1\20160114\debug\20160114.exe.intermediate.manifest
c:\users\mcn\documents\카카오톡 받은 파일\201601~1\20160114\debug\vc100.idb
c:\users\mcn\documents\카카오톡 받은 파일\201601~1\20160114\debug\vc90.idb
c:\users\mcn\documents\카카오톡 받은 파일\201601~1\20160114\debug\vc100.pdb
c:\users\mcn\documents\카카오톡 받은 파일\201601~1\20160114\debug\vc90.pdb
c:\users\mcn\documents\카카오톡 받은 파일\201601~1\20160114\debug\20160114.tlog\cl.command.1.tlog
c:\users\mcn\documents\카카오톡 받은 파일\201601~1\20160114\debug\20160114.tlog\cl.read.1.tlog
c:\users\mcn\documents\카카오톡 받은 파일\201601~1\20160114\debug\20160114.tlog\cl.write.1.tlog
c:\users\mcn\documents\카카오톡 받은 파일\201601~1\20160114\debug\20160114.tlog\link.command.1.tlog
c:\users\mcn\documents\카카오톡 받은 파일\201601~1\20160114\debug\20160114.tlog\link.read.1.tlog
c:\users\mcn\documents\카카오톡 받은 파일\201601~1\20160114\debug\20160114.tlog\link.write.1.tlog
